DEBUG   |190923 05:53:00| -- Resetting Akeeba Engine factory (backend.id3)
DEBUG   |190923 05:53:00|Fetching filter data from database
DEBUG   |190923 05:53:00|Loading filters
DEBUG   |190923 05:53:00|-- Loading filter Directories
DEBUG   |190923 05:53:00|-- Loading filter Extradirs
DEBUG   |190923 05:53:00|-- Loading filter Files
DEBUG   |190923 05:53:00|-- Loading filter Incremental
DEBUG   |190923 05:53:00|-- Loading filter Multidb
DEBUG   |190923 05:53:00|-- Loading filter Regexdirectories
DEBUG   |190923 05:53:00|-- Loading filter Regexfiles
DEBUG   |190923 05:53:00|-- Loading filter Regexskipdirs
DEBUG   |190923 05:53:00|-- Loading filter Regexskipfiles
DEBUG   |190923 05:53:00|-- Loading filter Regextabledata
DEBUG   |190923 05:53:00|-- Loading filter Regextables
DEBUG   |190923 05:53:00|-- Loading filter Skipdirs
DEBUG   |190923 05:53:00|-- Loading filter Skipfiles
DEBUG   |190923 05:53:00|-- Loading filter Tabledata
DEBUG   |190923 05:53:00|-- Loading filter Tables
DEBUG   |190923 05:53:00|-- Loading filter Cvsfolders
DEBUG   |190923 05:53:00|-- Loading filter Excludefiles
DEBUG   |190923 05:53:00|-- Loading filter Excludefolders
DEBUG   |190923 05:53:00|-- Loading filter Excludetabledata
DEBUG   |190923 05:53:00|-- Loading filter Joomlaskipdirs
DEBUG   |190923 05:53:00|-- Loading filter Joomlaskipfiles
DEBUG   |190923 05:53:00|-- Loading filter Libraries
DEBUG   |190923 05:53:00|-- Loading filter Sitedb
DEBUG   |190923 05:53:00|-- Loading filter Siteroot
DEBUG   |190923 05:53:00|-- Loading filter Systemcachefiles
DEBUG   |190923 05:53:00|Loading optional filters
DEBUG   |190923 05:53:00|-- Loading optional filter Stack\StackErrorlogs
DEBUG   |190923 05:53:00|-- Loading optional filter Stack\StackHoststats
DEBUG   |190923 05:53:00|-- Loading optional filter Stack\StackActionlogs
DEBUG   |190923 05:53:00|-- Loading optional filter Stack\StackFinder
DEBUG   |190923 05:53:00|-- Loading optional filter Stack\StackMyjoomla
